<?xml version="1.0" encoding="UTF-8"?>
<!-- Generated by org.testng.reporters.JUnitXMLReporter -->
<testsuite ignored="0" hostname="DESKTOP-NI501M3" failures="1" tests="2" name="BankingApp Test" time="6.526" errors="0" timestamp="2021-06-14T10:19:07 CDT">
  <testcase classname="Guru99.TestCases.TC_Login001" name="logintest" time="0.608"/>
  <testcase classname="Guru99.TestCases.TC_Login001" name="logintest" time="0.62">
    <failure type="java.lang.NullPointerException" message="Cannot invoke &amp;quot;com.aventstack.extentreports.ExtentReports.createTest(String)&amp;quot; because &amp;quot;this.extent&amp;quot; is null">
      <![CDATA[java.lang.NullPointerException: Cannot invoke "com.aventstack.extentreports.ExtentReports.createTest(String)" because "this.extent" is null
at Guru99.Utilities.Reporting.onTestSuccess(Reporting.java:45)
at java.base/java.util.ArrayList.forEach(ArrayList.java:1511)
... Removed 24 stack frames]]>
    </failure>
  </testcase> <!-- logintest -->
</testsuite> <!-- BankingApp Test -->
