<?xml version="1.0" encoding="UTF-8"?>
<!-- Generated by org.testng.reporters.JUnitXMLReporter -->
<testsuite ignored="0" hostname="DESKTOP-NI501M3" failures="0" tests="1" name="Banking App Test" time="0.22" errors="0" timestamp="2021-06-05T14:01:01 CDT">
  <testcase classname="Guru99.TestCases.Base_Class" name="@BeforeClass setup" time="0.164">
    <failure type="java.lang.NullPointerException" message="Cannot invoke &amp;quot;org.openqa.selenium.WebDriver.get(String)&amp;quot; because &amp;quot;Guru99.TestCases.Base_Class.driver&amp;quot; is null">
      <![CDATA[java.lang.NullPointerException: Cannot invoke "org.openqa.selenium.WebDriver.get(String)" because "Guru99.TestCases.Base_Class.driver" is null
at Guru99.TestCases.Base_Class.setup(Base_Class.java:43)
at java.base/java.util.ArrayList.forEach(ArrayList.java:1511)
... Removed 25 stack frames]]>
    </failure>
  </testcase> <!-- @BeforeClass setup -->
  <testcase classname="Guru99.TestCases.TC_Login001" name="logintest" time="0.0">
    <skipped/>
  </testcase> <!-- logintest -->
</testsuite> <!-- Banking App Test -->
